30.06.2025 15:45:43 - verbose: Arguments:
30.06.2025 15:45:43 - verbose:   C:\ProgramData\cocos\editors\Creator\3.7.2\CocosCreator.exe: true
30.06.2025 15:45:43 - verbose:   project: C:\GameECSProject
30.06.2025 15:45:43 - verbose:   can-show-upgrade-dialog: true
30.06.2025 15:45:43 - verbose:   dev: false
30.06.2025 15:45:43 - verbose:   home: C:\Users\maxya\.CocosCreator
30.06.2025 15:45:43 - verbose:  
30.06.2025 15:45:48 - verbose: [Package] menu@1.0.0 enable
30.06.2025 15:45:48 - verbose: [Package] profile@1.0.0 enable
30.06.2025 15:45:48 - verbose: [Package] project@1.0.4 enable
30.06.2025 15:45:48 - verbose: [Package] messages@1.0.0 enable
30.06.2025 15:45:48 - verbose: [Package] program@1.0.3 enable
30.06.2025 15:45:48 - verbose: [Package] tester@1.0.0 enable
30.06.2025 15:45:48 - verbose: [Package] information@1.0.0 enable
30.06.2025 15:45:48 - verbose: [Package] preferences@1.0.0 enable
30.06.2025 15:45:54 - log: Load engine in C:\ProgramData\cocos\editors\Creator\3.7.2\resources\resources\3d\engine
30.06.2025 15:45:56 - log: Profile changed: engine (modules.includeModules: 2d,animation,audio,base,dragon-bones,gfx-webgl,gfx-webgl2,intersection-2d,light-probe,particle-2d,physics-2d-box2d,profiler,spine,tiled-map,tween,ui,video,websocket,webview)
30.06.2025 15:45:56 - log: Register native engine in C:\ProgramData\cocos\editors\Creator\3.7.2\resources\resources\3d\engine\native
30.06.2025 15:45:56 - verbose: [Package] engine@1.0.7 enable
30.06.2025 15:45:58 - verbose: [Package] programming@1.0.0 enable
30.06.2025 15:45:58 - verbose: [Package] device@1.0.1 enable
30.06.2025 15:45:58 - verbose: [Package] ui-kit@1.0.1 enable
30.06.2025 15:45:59 - verbose: [Package] asset-db@1.0.0 enable
30.06.2025 15:45:59 - verbose: [Package] scene@1.0.0 enable
30.06.2025 15:45:59 - verbose: [Package] server@1.0.0 enable
30.06.2025 15:45:59 - verbose: [Package] utils@1.0.0 enable
30.06.2025 15:46:16 - verbose: [Package] preview@1.0.1 enable
30.06.2025 15:46:16 - verbose: [Package] animator@1.0.0 enable
30.06.2025 15:46:16 - verbose: [Build-plugin] register pkg scene: 5ms
30.06.2025 15:46:16 - verbose: Builder PluginManager init: 6ms
30.06.2025 15:46:16 - verbose: [Package] builder@1.3.4 enable
30.06.2025 15:46:16 - verbose: [Package] shortcuts@1.0.1 enable
30.06.2025 15:46:16 - verbose: [Package] animation-graph@1.0.0 enable
30.06.2025 15:46:16 - verbose: [Package] about@1.0.0 enable
30.06.2025 15:46:16 - verbose: [Package] assets@1.0.0 enable
30.06.2025 15:46:17 - verbose: [Package] console@1.0.0 enable
30.06.2025 15:46:17 - verbose: [Package] crash-reporter@1.0.0 enable
30.06.2025 15:46:18 - verbose: [Package] extension@3.1.1 enable
30.06.2025 15:46:18 - verbose: [Package] hierarchy@1.0.0 enable
30.06.2025 15:46:18 - verbose: [Package] inspector@1.0.0 enable
30.06.2025 15:46:18 - verbose: [Package] light-probe@1.0.4 enable
30.06.2025 15:46:18 - verbose: [Package] lightmap@1.0.4 enable
30.06.2025 15:46:18 - verbose: [Package] node-library@1.0.1 enable
30.06.2025 15:46:18 - verbose: [Package] package-asset@1.0.1 enable
30.06.2025 15:46:18 - verbose: [Package] process@1.0.0 enable
30.06.2025 15:46:18 - verbose: [Package] reference-image@1.0.0 enable
30.06.2025 15:46:18 - verbose: [Package] reflection-probe@1.0.4 enable
30.06.2025 15:46:18 - verbose: [Package] engine-extends@1.0.0 enable
30.06.2025 15:46:18 - verbose: [Package] alipay-mini-game@1.0.1 enable
30.06.2025 15:46:18 - verbose: [Package] android@1.0.1 enable
30.06.2025 15:46:18 - verbose: [Package] bytedance-mini-game@1.0.2 enable
30.06.2025 15:46:18 - verbose: [Package] certificate@1.0.0 enable
30.06.2025 15:46:18 - verbose: [Package] channel-upload-tools@1.0.0 enable
30.06.2025 15:46:18 - verbose: [Package] fb-instant-games@1.0.0 enable
30.06.2025 15:46:19 - verbose: [Package] huawei-agc@1.0.0 enable
30.06.2025 15:46:19 - verbose: [Package] huawei-quick-game@1.0.1 enable
30.06.2025 15:46:19 - verbose: [Package] ios@1.0.0 enable
30.06.2025 15:46:19 - verbose: [Package] linux@1.0.0 enable
30.06.2025 15:46:19 - verbose: [Package] mac@1.0.0 enable
30.06.2025 15:46:19 - verbose: [Package] native@1.0.2 enable
30.06.2025 15:46:19 - verbose: [Build-plugin] register pkg native: 200ms
30.06.2025 15:46:19 - verbose: [Package] ohos@1.0.0 enable
30.06.2025 15:46:19 - verbose: [Build-plugin] register pkg bytedance-mini-game: 610ms
30.06.2025 15:46:19 - verbose: [Build-plugin] register pkg huawei-agc: 508ms
30.06.2025 15:46:19 - verbose: [Build-plugin] register pkg android: 740ms
30.06.2025 15:46:19 - verbose: [Package] open-harmonyos@1.0.0 enable
30.06.2025 15:46:19 - verbose: [Package] oppo-mini-game@1.0.1 enable
30.06.2025 15:46:19 - verbose: [Package] runtime-dev-tools@1.0.0 enable
30.06.2025 15:46:19 - verbose: [Build-plugin] register pkg fb-instant-games: 612ms
30.06.2025 15:46:19 - verbose: [Package] taobao-creative-app@1.0.0 enable
30.06.2025 15:46:19 - verbose: [Package] taobao-mini-game@1.0.0 enable
30.06.2025 15:46:19 - verbose: [Package] vivo-mini-game@1.0.1 enable
30.06.2025 15:46:19 - verbose: [Package] web-desktop@1.0.1 enable
30.06.2025 15:46:27 - verbose: [Package] im-plugin@3.0.12 enable
30.06.2025 15:46:32 - verbose: [Package] cocos-service@3.0.7 enable
30.06.2025 15:46:32 - verbose: [Build-plugin] register pkg cocos-service: 240ms
30.06.2025 15:46:32 - verbose: [Package] web-mobile@1.0.1 enable
30.06.2025 15:46:32 - verbose: [Build-plugin] register pkg huawei-quick-game: 13907ms
30.06.2025 15:46:32 - verbose: [Build-plugin] register pkg mac: 13826ms
30.06.2025 15:46:32 - verbose: [Build-plugin] register pkg ios: 13879ms
30.06.2025 15:46:32 - verbose: [Build-plugin] register pkg ohos: 13451ms
30.06.2025 15:46:32 - verbose: [Build-plugin] register pkg oppo-mini-game: 13396ms
30.06.2025 15:46:32 - verbose: [Build-plugin] register pkg taobao-creative-app: 13347ms
30.06.2025 15:46:32 - verbose: [Package] wechatgame@1.0.2 enable
30.06.2025 15:46:33 - verbose: [Package] windows@1.0.1 enable
30.06.2025 15:46:33 - verbose: [Package] xiaomi-quick-game@1.0.1 enable
30.06.2025 15:46:33 - verbose: [Package] placeholder@1.0.0 enable
30.06.2025 15:46:33 - verbose: [Build-plugin] register pkg vivo-mini-game: 13697ms
30.06.2025 15:46:33 - verbose: [Build-plugin] register pkg web-desktop: 13640ms
30.06.2025 15:46:33 - verbose: [Build-plugin] register pkg wechatgame: 435ms
30.06.2025 15:46:33 - verbose: [Build-plugin] register pkg windows: 394ms
30.06.2025 15:46:33 - verbose: [Build-plugin] register pkg web-mobile: 520ms
30.06.2025 15:46:33 - verbose: [Build-plugin] register pkg xiaomi-quick-game: 457ms
30.06.2025 15:46:34 - verbose: asset-db is ready!
30.06.2025 15:46:42 - info: [Scene] [Physics][Bullet]: Using asmjs Bullet libs.
30.06.2025 15:46:42 - info: [Scene] [PHYSICS]: using builtin.
30.06.2025 15:46:42 - log: [Scene] Cocos Creator v3.7.2
30.06.2025 15:46:42 - info: [Scene] Forward render pipeline initialized.
30.06.2025 15:46:42 - info: [Scene] [PHYSICS2D]: switch from builtin to box2d.
30.06.2025 17:58:47 - warn: Metrics: no valid info
