27.06.2025 00:18:24-debug: asset-db:worker-init (1838ms)
27.06.2025 00:18:24-debug: Preimport db internal success
27.06.2025 00:18:24-debug: %cImport%c: C:\GameECSProject\assets\scripts\corebackground: #aaff85; color: #000;color: #000;
27.06.2025 00:18:24-debug: %cImport%c: C:\GameECSProject\assets\scripts\core\EventBus.tsbackground: #aaff85; color: #000;color: #000;
27.06.2025 00:18:24-debug: %cImport%c: C:\GameECSProject\assets\scripts\systems\MovementSystem.tsbackground: #aaff85; color: #000;color: #000;
27.06.2025 00:18:24-debug: %cImport%c: C:\GameECSProject\assets\scripts\systems\RenderSystem.tsbackground: #aaff85; color: #000;color: #000;
27.06.2025 00:18:24-debug: %cImport%c: C:\GameECSProject\assets\scripts\components\intent\AttackIntent.tsbackground: #aaff85; color: #000;color: #000;
27.06.2025 00:18:24-debug: %cImport%c: C:\GameECSProject\assets\scripts\components\intent\InteractIntent.tsbackground: #aaff85; color: #000;color: #000;
27.06.2025 00:18:24-debug: Preimport db assets success
27.06.2025 00:18:24-debug: asset-db:worker-effect-data-processing (202ms)
27.06.2025 00:18:32-debug: Set detail map pack:///resolution-detail-map.json: {}
27.06.2025 00:18:32-debug: Start up the 'internal' database...
27.06.2025 00:18:32-debug: asset-db:worker-init-script (44ms)
27.06.2025 00:18:32-debug: start asset-db with asset: 409
27.06.2025 00:18:32-debug: Start up the 'assets' database...
27.06.2025 00:18:32-debug: start asset-db with asset: 49
27.06.2025 00:18:32-debug: asset-db:worker-startup-database[internal] (8627ms)
27.06.2025 00:18:32-debug: Asset DB is ready!
27.06.2025 00:18:32-debug: init worker message success
27.06.2025 00:18:32-debug: asset-db:worker-startup-database[assets] (8449ms)
27.06.2025 00:18:35-debug: programming:execute-script (1ms)
27.06.2025 00:18:35-debug: builder:worker-init (2457ms)
27.06.2025 00:18:38-debug: programming:execute-script (5ms)
27.06.2025 00:18:42-debug: refresh db internal success
27.06.2025 00:18:42-debug: asset-db:worker-effect-data-processing (191ms)
27.06.2025 00:18:42-debug: refresh db assets success
27.06.2025 00:18:42-debug: asset-db:refresh-all-database (297ms)
27.06.2025 00:18:47-debug: refresh db internal success
27.06.2025 00:18:47-debug: asset-db:worker-effect-data-processing (195ms)
27.06.2025 00:18:47-debug: refresh db assets success
27.06.2025 00:18:47-debug: asset-db:refresh-all-database (311ms)
27.06.2025 00:18:49-debug: start refresh asset from C:\GameECSProject\assets\scene\Main.scene...
27.06.2025 00:18:49-debug: %cImport%c: C:\GameECSProject\assets\scene\Main.scenebackground: #aaff85; color: #000;color: #000;
27.06.2025 00:18:49-debug: refresh asset C:\GameECSProject\assets\scene success
27.06.2025 00:18:51-debug: Query all assets info in project
27.06.2025 00:18:51-debug: init custom config: keepNodeUuid: false, useCache: true
27.06.2025 00:18:51-debug: BuildAssetLibrary query-assets with assets 472
27.06.2025 00:18:51-debug:   Number of all scenes: 1
27.06.2025 00:18:51-debug:   Number of all scripts: 27
27.06.2025 00:18:51-debug:   Number of other assets: 305
27.06.2025 00:18:51-debug: Query asset bundle start0%
27.06.2025 00:18:51-debug: // ---- build task Query asset bundle ----
27.06.2025 00:18:51-debug: Process: heapTotal 223.44MB heapUsed 190.97MB rss 537.18MB
27.06.2025 00:18:52-debug: // ---- build task Query asset bundle ---- (108ms)
27.06.2025 00:18:52-debug: run build task Query asset bundle success in 108 ms √3%
27.06.2025 00:18:52-debug: Process: heapTotal 223.69MB heapUsed 192.90MB rss 537.18MB
27.06.2025 00:18:52-debug: init bundle assets
27.06.2025 00:18:52-debug: Query and organize assets start3%
27.06.2025 00:18:52-debug: // ---- build task Query and organize assets ----
27.06.2025 00:18:52-debug: Query preload assets from cc.config.json: 60f7195c-ec2a-45eb-ba94-8955f60e81d0,1c02ae6f-4492-4915-b8f8-7492a3b1e4cd,810e96e4-e456-4468-9b59-f4e8f39732c0,efe8e2a3-eace-427b-b4f1-cb8a937ec77d,e9aa9a3e-5b2b-4ac7-a2c7-073de2b2b24f,8bbdbcdd-5cd4-4100-b6d5-b7c9625b6107,50f4348b-c883-4e2f-8f11-ce233b859fa1,fda095cb-831d-4601-ad94-846013963de8,f92806d7-1768-443f-afe8-12bcde84d0f0,dd3a144d-ab7f-41f0-82b8-2e43a090d496,f0416e68-0200-4b77-a926-4f9d16e494da,ff9be190-20a4-4e48-b68c-76e3c7cff085,970b0598-bcb0-4714-91fb-2e81440dccd8,bcd64cc6-2dd9-43f6-abbe-66318d332032,d930590d-bb92-4cc8-8bd1-23cd027f9edf,a3cd009f-0ab0-420d-9278-b9fdab939bbc,9361fd90-ba52-4f84-aa93-6e878fd576ca,c27215d8-6835-4b68-bfbb-bdeac6100c04,b5d6115f-0370-4d7c-aad3-c194cc71cf98,871c3b6c-7379-419d-bda3-794b239ab90d
27.06.2025 00:18:52-debug: Number of scenes: 1
27.06.2025 00:18:52-debug: // ---- build task Query and organize assets ---- (21ms)
27.06.2025 00:18:52-debug: run build task Query and organize assets success in 21 ms √7%
27.06.2025 00:18:52-debug: Organize scripts start7%
27.06.2025 00:18:52-debug: // ---- build task Organize scripts ----
27.06.2025 00:18:52-debug: Process: heapTotal 223.69MB heapUsed 193.07MB rss 537.21MB
27.06.2025 00:18:52-debug: sort script group...
27.06.2025 00:18:52-debug: // ---- build task Organize scripts ---- (1ms)
27.06.2025 00:18:52-debug: run build task Organize scripts success in 1 ms √10%
27.06.2025 00:18:52-debug: Init settings and config start10%
27.06.2025 00:18:52-debug: // ---- build task Init settings and config ----
27.06.2025 00:18:52-debug: Process: heapTotal 223.69MB heapUsed 193.11MB rss 537.21MB
27.06.2025 00:18:52-debug: // ---- build task Init settings and config ---- (1ms)
27.06.2025 00:18:52-debug: run build task Init settings and config success in 1 ms √11%
27.06.2025 00:18:52-debug: builder.tasks.settings.macro does not defined in i18n
27.06.2025 00:18:52-debug: builder.tasks.settings.macro start11%
27.06.2025 00:18:52-debug: // ---- build task builder.tasks.settings.macro ----
27.06.2025 00:18:52-debug: Process: heapTotal 223.69MB heapUsed 193.15MB rss 537.21MB
27.06.2025 00:18:52-debug: // ---- build task builder.tasks.settings.macro ---- (9ms)
27.06.2025 00:18:52-debug: run build task builder.tasks.settings.macro success in 9 ms √11%
27.06.2025 00:18:52-debug: Sort some build options to settings.json start11%
27.06.2025 00:18:52-debug: // ---- build task Sort some build options to settings.json ----
27.06.2025 00:18:52-debug: Process: heapTotal 223.69MB heapUsed 193.18MB rss 537.22MB
27.06.2025 00:18:52-debug: run build task Sort some build options to settings.json success in 499 ms √12%
27.06.2025 00:18:52-debug: Process: heapTotal 223.69MB heapUsed 193.25MB rss 537.25MB
27.06.2025 00:18:52-debug: custom joint texture layouts start12%
27.06.2025 00:18:52-debug: // ---- build task Sort some build options to settings.json ---- (499ms)
27.06.2025 00:18:52-debug: // ---- build task custom joint texture layouts ----
27.06.2025 00:18:52-debug: // ---- build task custom joint texture layouts ---- (1ms)
27.06.2025 00:18:52-debug: run build task custom joint texture layouts success in 1 ms √12%
27.06.2025 00:18:52-debug: custom joint physics start12%
27.06.2025 00:18:52-debug: // ---- build task custom joint physics ----
27.06.2025 00:18:52-debug: Process: heapTotal 223.69MB heapUsed 193.28MB rss 537.25MB
27.06.2025 00:18:52-debug: // ---- build task custom joint physics ---- (1ms)
27.06.2025 00:18:52-debug: run build task custom joint physics success in 1 ms √13%
27.06.2025 00:18:52-debug: Fill script data to settings start13%
27.06.2025 00:18:52-debug: // ---- build task Fill script data to settings ----
27.06.2025 00:18:52-debug: Process: heapTotal 223.69MB heapUsed 193.31MB rss 537.26MB
27.06.2025 00:18:52-debug: run build task Fill script data to settings success in 0 ms √13%
27.06.2025 00:18:52-debug: Fill scene data to settings start13%
27.06.2025 00:18:52-debug: // ---- build task Fill scene data to settings ----
27.06.2025 00:18:52-debug: Process: heapTotal 223.69MB heapUsed 193.34MB rss 537.26MB
27.06.2025 00:18:52-debug: // ---- build task Fill scene data to settings ---- (1ms)
27.06.2025 00:18:52-debug: run build task Fill scene data to settings success in 1 ms √14%
27.06.2025 00:18:52-debug: Process: heapTotal 223.69MB heapUsed 193.36MB rss 537.26MB
27.06.2025 00:18:52-debug: Organize assets groups，generate packedAssets and rawAssets data start14%
27.06.2025 00:18:52-debug: // ---- build task Organize assets groups，generate packedAssets and rawAssets data ----
27.06.2025 00:18:52-debug: // ---- build task Organize assets groups，generate packedAssets and rawAssets data ---- (1ms)
27.06.2025 00:18:52-debug: Generate md5AssetsMap from suffixMap to settings start14%
27.06.2025 00:18:52-debug: // ---- build task Generate md5AssetsMap from suffixMap to settings ----
27.06.2025 00:18:52-debug: Process: heapTotal 223.69MB heapUsed 193.41MB rss 537.27MB
27.06.2025 00:18:52-debug: run build task Organize assets groups，generate packedAssets and rawAssets data success in 1 ms √14%
27.06.2025 00:18:52-debug: options.md5Cache is false.
27.06.2025 00:18:52-debug: // ---- build task Generate md5AssetsMap from suffixMap to settings ---- (1ms)
27.06.2025 00:18:52-debug: run build task Generate md5AssetsMap from suffixMap to settings success in 1 ms √15%
27.06.2025 00:19:13-debug: Query all assets info in project
27.06.2025 00:19:13-debug: BuildAssetLibrary query-assets with assets 472
27.06.2025 00:19:13-debug: init custom config: keepNodeUuid: false, useCache: true
27.06.2025 00:19:13-debug:   Number of all scenes: 1
27.06.2025 00:19:13-debug:   Number of all scripts: 27
27.06.2025 00:19:13-debug:   Number of other assets: 305
27.06.2025 00:19:13-debug: // ---- build task Query asset bundle ----
27.06.2025 00:19:13-debug: Process: heapTotal 223.69MB heapUsed 195.43MB rss 537.34MB
27.06.2025 00:19:13-debug: Query asset bundle start0%
27.06.2025 00:19:13-debug: // ---- build task Query asset bundle ---- (9ms)
27.06.2025 00:19:13-debug: run build task Query asset bundle success in 9 ms √3%
27.06.2025 00:19:13-debug: Process: heapTotal 209.19MB heapUsed 191.02MB rss 524.02MB
27.06.2025 00:19:13-debug: init bundle assets
27.06.2025 00:19:13-debug: Query and organize assets start3%
27.06.2025 00:19:13-debug: // ---- build task Query and organize assets ----
27.06.2025 00:19:13-debug: Query preload assets from cc.config.json: 60f7195c-ec2a-45eb-ba94-8955f60e81d0,1c02ae6f-4492-4915-b8f8-7492a3b1e4cd,810e96e4-e456-4468-9b59-f4e8f39732c0,efe8e2a3-eace-427b-b4f1-cb8a937ec77d,e9aa9a3e-5b2b-4ac7-a2c7-073de2b2b24f,8bbdbcdd-5cd4-4100-b6d5-b7c9625b6107,50f4348b-c883-4e2f-8f11-ce233b859fa1,fda095cb-831d-4601-ad94-846013963de8,f92806d7-1768-443f-afe8-12bcde84d0f0,dd3a144d-ab7f-41f0-82b8-2e43a090d496,f0416e68-0200-4b77-a926-4f9d16e494da,ff9be190-20a4-4e48-b68c-76e3c7cff085,970b0598-bcb0-4714-91fb-2e81440dccd8,bcd64cc6-2dd9-43f6-abbe-66318d332032,d930590d-bb92-4cc8-8bd1-23cd027f9edf,a3cd009f-0ab0-420d-9278-b9fdab939bbc,9361fd90-ba52-4f84-aa93-6e878fd576ca,c27215d8-6835-4b68-bfbb-bdeac6100c04,b5d6115f-0370-4d7c-aad3-c194cc71cf98,871c3b6c-7379-419d-bda3-794b239ab90d
27.06.2025 00:19:13-debug: Number of scenes: 1
27.06.2025 00:19:13-debug: // ---- build task Query and organize assets ---- (5ms)
27.06.2025 00:19:13-debug: run build task Query and organize assets success in 5 ms √7%
27.06.2025 00:19:13-debug: Organize scripts start7%
27.06.2025 00:19:13-debug: // ---- build task Organize scripts ----
27.06.2025 00:19:13-debug: Process: heapTotal 209.19MB heapUsed 191.15MB rss 524.02MB
27.06.2025 00:19:13-debug: sort script group...
27.06.2025 00:19:13-debug: // ---- build task Organize scripts ---- (2ms)
27.06.2025 00:19:13-debug: run build task Organize scripts success in 2 ms √10%
27.06.2025 00:19:13-debug: Init settings and config start10%
27.06.2025 00:19:13-debug: // ---- build task Init settings and config ----
27.06.2025 00:19:13-debug: Process: heapTotal 209.19MB heapUsed 191.19MB rss 524.03MB
27.06.2025 00:19:13-debug: // ---- build task Init settings and config ---- (6ms)
27.06.2025 00:19:13-debug: run build task Init settings and config success in 6 ms √11%
27.06.2025 00:19:13-debug: builder.tasks.settings.macro does not defined in i18n
27.06.2025 00:19:13-debug: builder.tasks.settings.macro start11%
27.06.2025 00:19:13-debug: // ---- build task builder.tasks.settings.macro ----
27.06.2025 00:19:13-debug: // ---- build task builder.tasks.settings.macro ---- (2ms)
27.06.2025 00:19:13-debug: Process: heapTotal 209.19MB heapUsed 191.23MB rss 523.93MB
27.06.2025 00:19:13-debug: run build task builder.tasks.settings.macro success in 2 ms √11%
27.06.2025 00:19:13-debug: Sort some build options to settings.json start11%
27.06.2025 00:19:13-debug: // ---- build task Sort some build options to settings.json ----
27.06.2025 00:19:13-debug: Process: heapTotal 209.19MB heapUsed 191.26MB rss 523.93MB
27.06.2025 00:19:13-debug: // ---- build task Sort some build options to settings.json ---- (4ms)
27.06.2025 00:19:13-debug: run build task Sort some build options to settings.json success in 4 ms √12%
27.06.2025 00:19:13-debug: custom joint texture layouts start12%
27.06.2025 00:19:13-debug: // ---- build task custom joint texture layouts ----
27.06.2025 00:19:13-debug: Process: heapTotal 209.19MB heapUsed 191.33MB rss 524.00MB
27.06.2025 00:19:13-debug: // ---- build task custom joint texture layouts ---- (4ms)
27.06.2025 00:19:13-debug: run build task custom joint texture layouts success in 4 ms √12%
27.06.2025 00:19:13-debug: custom joint physics start12%
27.06.2025 00:19:13-debug: // ---- build task custom joint physics ----
27.06.2025 00:19:13-debug: Process: heapTotal 209.19MB heapUsed 191.36MB rss 524.00MB
27.06.2025 00:19:13-debug: // ---- build task custom joint physics ---- (1ms)
27.06.2025 00:19:13-debug: run build task custom joint physics success in 1 ms √13%
27.06.2025 00:19:13-debug: Fill script data to settings start13%
27.06.2025 00:19:13-debug: // ---- build task Fill script data to settings ----
27.06.2025 00:19:13-debug: Process: heapTotal 209.19MB heapUsed 191.39MB rss 524.00MB
27.06.2025 00:19:13-debug: // ---- build task Fill script data to settings ---- (1ms)
27.06.2025 00:19:13-debug: run build task Fill script data to settings success in 1 ms √13%
27.06.2025 00:19:13-debug: Fill scene data to settings start13%
27.06.2025 00:19:13-debug: // ---- build task Fill scene data to settings ----
27.06.2025 00:19:13-debug: Process: heapTotal 209.19MB heapUsed 191.42MB rss 524.00MB
27.06.2025 00:19:13-debug: // ---- build task Fill scene data to settings ---- (10ms)
27.06.2025 00:19:13-debug: run build task Fill scene data to settings success in 10 ms √14%
27.06.2025 00:19:13-debug: Organize assets groups，generate packedAssets and rawAssets data start14%
27.06.2025 00:19:13-debug: // ---- build task Organize assets groups，generate packedAssets and rawAssets data ----
27.06.2025 00:19:13-debug: Process: heapTotal 209.19MB heapUsed 191.45MB rss 524.01MB
27.06.2025 00:19:13-debug: // ---- build task Organize assets groups，generate packedAssets and rawAssets data ---- (2ms)
27.06.2025 00:19:13-debug: run build task Organize assets groups，generate packedAssets and rawAssets data success in 2 ms √14%
27.06.2025 00:19:13-debug: Generate md5AssetsMap from suffixMap to settings start14%
27.06.2025 00:19:13-debug: // ---- build task Generate md5AssetsMap from suffixMap to settings ----
27.06.2025 00:19:13-debug: Process: heapTotal 209.19MB heapUsed 191.48MB rss 524.01MB
27.06.2025 00:19:13-debug: options.md5Cache is false.
27.06.2025 00:19:13-debug: // ---- build task Generate md5AssetsMap from suffixMap to settings ---- (3ms)
27.06.2025 00:19:13-debug: run build task Generate md5AssetsMap from suffixMap to settings success in 3 ms √15%
27.06.2025 00:19:44-debug: refresh db internal success
27.06.2025 00:19:44-debug: asset-db:worker-effect-data-processing (280ms)
27.06.2025 00:19:44-debug: %cImport%c: C:\GameECSProject\assets\scripts\systems\RenderSystem.tsbackground: #aaff85; color: #000;color: #000;
27.06.2025 00:19:44-debug: refresh db assets success
27.06.2025 00:19:44-debug: asset-db:refresh-all-database (400ms)
27.06.2025 00:19:46-debug: Query all assets info in project
27.06.2025 00:19:46-debug: BuildAssetLibrary query-assets with assets 472
27.06.2025 00:19:46-debug: init custom config: keepNodeUuid: false, useCache: true
27.06.2025 00:19:46-debug:   Number of all scenes: 1
27.06.2025 00:19:46-debug:   Number of all scripts: 27
27.06.2025 00:19:46-debug:   Number of other assets: 305
27.06.2025 00:19:46-debug: // ---- build task Query asset bundle ----
27.06.2025 00:19:46-debug: Query asset bundle start0%
27.06.2025 00:19:46-debug: Process: heapTotal 221.93MB heapUsed 188.97MB rss 536.99MB
27.06.2025 00:19:46-debug: Query and organize assets start3%
27.06.2025 00:19:46-debug: // ---- build task Query and organize assets ----
27.06.2025 00:19:46-debug: Process: heapTotal 221.93MB heapUsed 190.57MB rss 536.85MB
27.06.2025 00:19:46-debug: init bundle assets
27.06.2025 00:19:46-debug: // ---- build task Query asset bundle ---- (20ms)
27.06.2025 00:19:46-debug: run build task Query asset bundle success in 20 ms √3%
27.06.2025 00:19:46-debug: Query preload assets from cc.config.json: 60f7195c-ec2a-45eb-ba94-8955f60e81d0,1c02ae6f-4492-4915-b8f8-7492a3b1e4cd,810e96e4-e456-4468-9b59-f4e8f39732c0,efe8e2a3-eace-427b-b4f1-cb8a937ec77d,e9aa9a3e-5b2b-4ac7-a2c7-073de2b2b24f,8bbdbcdd-5cd4-4100-b6d5-b7c9625b6107,50f4348b-c883-4e2f-8f11-ce233b859fa1,fda095cb-831d-4601-ad94-846013963de8,f92806d7-1768-443f-afe8-12bcde84d0f0,dd3a144d-ab7f-41f0-82b8-2e43a090d496,f0416e68-0200-4b77-a926-4f9d16e494da,ff9be190-20a4-4e48-b68c-76e3c7cff085,970b0598-bcb0-4714-91fb-2e81440dccd8,bcd64cc6-2dd9-43f6-abbe-66318d332032,d930590d-bb92-4cc8-8bd1-23cd027f9edf,a3cd009f-0ab0-420d-9278-b9fdab939bbc,9361fd90-ba52-4f84-aa93-6e878fd576ca,c27215d8-6835-4b68-bfbb-bdeac6100c04,b5d6115f-0370-4d7c-aad3-c194cc71cf98,871c3b6c-7379-419d-bda3-794b239ab90d
27.06.2025 00:19:46-debug: Number of scenes: 1
27.06.2025 00:19:46-debug: // ---- build task Query and organize assets ---- (5ms)
27.06.2025 00:19:46-debug: run build task Query and organize assets success in 5 ms √7%
27.06.2025 00:19:46-debug: sort script group...
27.06.2025 00:19:46-debug: Organize scripts start7%
27.06.2025 00:19:46-debug: // ---- build task Organize scripts ----
27.06.2025 00:19:46-debug: Process: heapTotal 221.93MB heapUsed 190.73MB rss 536.88MB
27.06.2025 00:19:46-debug: // ---- build task Organize scripts ---- (1ms)
27.06.2025 00:19:46-debug: run build task Organize scripts success in 1 ms √10%
27.06.2025 00:19:46-debug: Init settings and config start10%
27.06.2025 00:19:46-debug: // ---- build task Init settings and config ----
27.06.2025 00:19:46-debug: Process: heapTotal 221.93MB heapUsed 190.77MB rss 536.89MB
27.06.2025 00:19:46-debug: // ---- build task Init settings and config ---- (2ms)
27.06.2025 00:19:46-debug: run build task Init settings and config success in 2 ms √11%
27.06.2025 00:19:46-debug: builder.tasks.settings.macro does not defined in i18n
27.06.2025 00:19:46-debug: builder.tasks.settings.macro start11%
27.06.2025 00:19:46-debug: // ---- build task builder.tasks.settings.macro ----
27.06.2025 00:19:46-debug: Process: heapTotal 221.93MB heapUsed 190.80MB rss 536.89MB
27.06.2025 00:19:46-debug: // ---- build task builder.tasks.settings.macro ---- (3ms)
27.06.2025 00:19:46-debug: run build task builder.tasks.settings.macro success in 3 ms √11%
27.06.2025 00:19:46-debug: Sort some build options to settings.json start11%
27.06.2025 00:19:46-debug: // ---- build task Sort some build options to settings.json ----
27.06.2025 00:19:46-debug: Process: heapTotal 221.93MB heapUsed 190.84MB rss 536.89MB
27.06.2025 00:19:46-debug: // ---- build task Sort some build options to settings.json ---- (13ms)
27.06.2025 00:19:46-debug: run build task Sort some build options to settings.json success in 13 ms √12%
27.06.2025 00:19:46-debug: // ---- build task custom joint texture layouts ----
27.06.2025 00:19:46-debug: // ---- build task custom joint texture layouts ---- (1ms)
27.06.2025 00:19:46-debug: run build task custom joint texture layouts success in 1 ms √12%
27.06.2025 00:19:46-debug: custom joint physics start12%
27.06.2025 00:19:46-debug: // ---- build task custom joint physics ----
27.06.2025 00:19:46-debug: Process: heapTotal 221.93MB heapUsed 190.94MB rss 536.93MB
27.06.2025 00:19:46-debug: Process: heapTotal 221.93MB heapUsed 190.91MB rss 536.92MB
27.06.2025 00:19:46-debug: custom joint texture layouts start12%
27.06.2025 00:19:46-debug: run build task custom joint physics success in 1 ms √13%
27.06.2025 00:19:46-debug: Fill script data to settings start13%
27.06.2025 00:19:46-debug: // ---- build task Fill script data to settings ----
27.06.2025 00:19:46-debug: // ---- build task custom joint physics ---- (1ms)
27.06.2025 00:19:46-debug: Process: heapTotal 221.93MB heapUsed 190.97MB rss 536.93MB
27.06.2025 00:19:46-debug: run build task Fill script data to settings success in 0 ms √13%
27.06.2025 00:19:46-debug: // ---- build task Fill scene data to settings ----
27.06.2025 00:19:46-debug: Fill scene data to settings start13%
27.06.2025 00:19:46-debug: Process: heapTotal 221.93MB heapUsed 190.99MB rss 536.93MB
27.06.2025 00:19:46-debug: // ---- build task Fill scene data to settings ---- (1ms)
27.06.2025 00:19:46-debug: run build task Fill scene data to settings success in 1 ms √14%
27.06.2025 00:19:46-debug: Organize assets groups，generate packedAssets and rawAssets data start14%
27.06.2025 00:19:46-debug: // ---- build task Organize assets groups，generate packedAssets and rawAssets data ----
27.06.2025 00:19:46-debug: Process: heapTotal 221.93MB heapUsed 191.02MB rss 536.93MB
27.06.2025 00:19:46-debug: // ---- build task Organize assets groups，generate packedAssets and rawAssets data ---- (1ms)
27.06.2025 00:19:46-debug: run build task Organize assets groups，generate packedAssets and rawAssets data success in 1 ms √14%
27.06.2025 00:19:46-debug: Generate md5AssetsMap from suffixMap to settings start14%
27.06.2025 00:19:46-debug: // ---- build task Generate md5AssetsMap from suffixMap to settings ----
27.06.2025 00:19:46-debug: options.md5Cache is false.
27.06.2025 00:19:46-debug: // ---- build task Generate md5AssetsMap from suffixMap to settings ---- (1ms)
27.06.2025 00:19:46-debug: run build task Generate md5AssetsMap from suffixMap to settings success in 1 ms √15%
27.06.2025 00:19:46-debug: Process: heapTotal 221.93MB heapUsed 191.06MB rss 536.94MB
27.06.2025 00:19:52-debug: refresh db internal success
27.06.2025 00:19:52-debug: asset-db:worker-effect-data-processing (187ms)
27.06.2025 00:19:52-debug: refresh db assets success
27.06.2025 00:19:52-debug: asset-db:refresh-all-database (326ms)
27.06.2025 00:19:53-debug: refresh db internal success
27.06.2025 00:19:54-debug: asset-db:worker-effect-data-processing (167ms)
27.06.2025 00:19:54-debug: refresh db assets success
27.06.2025 00:19:54-debug: asset-db:refresh-all-database (293ms)
27.06.2025 00:19:59-debug: refresh db internal success
27.06.2025 00:19:59-debug: asset-db:worker-effect-data-processing (179ms)
27.06.2025 00:19:59-debug: %cImport%c: C:\GameECSProject\assets\scripts\systems\RenderSystem.tsbackground: #aaff85; color: #000;color: #000;
27.06.2025 00:19:59-debug: refresh db assets success
27.06.2025 00:19:59-debug: asset-db:refresh-all-database (278ms)
27.06.2025 00:20:00-debug: Query all assets info in project
27.06.2025 00:20:00-debug: BuildAssetLibrary query-assets with assets 472
27.06.2025 00:20:00-debug: init custom config: keepNodeUuid: false, useCache: true
27.06.2025 00:20:00-debug:   Number of all scenes: 1
27.06.2025 00:20:00-debug:   Number of all scripts: 27
27.06.2025 00:20:00-debug:   Number of other assets: 305
27.06.2025 00:20:00-debug: // ---- build task Query asset bundle ----
27.06.2025 00:20:00-debug: Process: heapTotal 230.07MB heapUsed 199.58MB rss 545.88MB
27.06.2025 00:20:00-debug: Query asset bundle start0%
27.06.2025 00:20:00-debug: // ---- build task Query asset bundle ---- (35ms)
27.06.2025 00:20:00-debug: Process: heapTotal 230.07MB heapUsed 201.18MB rss 545.89MB
27.06.2025 00:20:00-debug: init bundle assets
27.06.2025 00:20:00-debug: Query and organize assets start3%
27.06.2025 00:20:00-debug: run build task Query asset bundle success in 35 ms √3%
27.06.2025 00:20:00-debug: // ---- build task Query and organize assets ----
27.06.2025 00:20:00-debug: Query preload assets from cc.config.json: 60f7195c-ec2a-45eb-ba94-8955f60e81d0,1c02ae6f-4492-4915-b8f8-7492a3b1e4cd,810e96e4-e456-4468-9b59-f4e8f39732c0,efe8e2a3-eace-427b-b4f1-cb8a937ec77d,e9aa9a3e-5b2b-4ac7-a2c7-073de2b2b24f,8bbdbcdd-5cd4-4100-b6d5-b7c9625b6107,50f4348b-c883-4e2f-8f11-ce233b859fa1,fda095cb-831d-4601-ad94-846013963de8,f92806d7-1768-443f-afe8-12bcde84d0f0,dd3a144d-ab7f-41f0-82b8-2e43a090d496,f0416e68-0200-4b77-a926-4f9d16e494da,ff9be190-20a4-4e48-b68c-76e3c7cff085,970b0598-bcb0-4714-91fb-2e81440dccd8,bcd64cc6-2dd9-43f6-abbe-66318d332032,d930590d-bb92-4cc8-8bd1-23cd027f9edf,a3cd009f-0ab0-420d-9278-b9fdab939bbc,9361fd90-ba52-4f84-aa93-6e878fd576ca,c27215d8-6835-4b68-bfbb-bdeac6100c04,b5d6115f-0370-4d7c-aad3-c194cc71cf98,871c3b6c-7379-419d-bda3-794b239ab90d
27.06.2025 00:20:00-debug: Number of scenes: 1
27.06.2025 00:20:00-debug: // ---- build task Organize scripts ----
27.06.2025 00:20:00-debug: Process: heapTotal 230.07MB heapUsed 201.32MB rss 545.92MB
27.06.2025 00:20:00-debug: sort script group...
27.06.2025 00:20:00-debug: // ---- build task Query and organize assets ---- (13ms)
27.06.2025 00:20:00-debug: run build task Query and organize assets success in 13 ms √7%
27.06.2025 00:20:00-debug: Organize scripts start7%
27.06.2025 00:20:00-debug: // ---- build task Organize scripts ---- (1ms)
27.06.2025 00:20:00-debug: run build task Organize scripts success in 1 ms √10%
27.06.2025 00:20:00-debug: Init settings and config start10%
27.06.2025 00:20:00-debug: // ---- build task Init settings and config ----
27.06.2025 00:20:00-debug: Process: heapTotal 230.07MB heapUsed 201.36MB rss 545.93MB
27.06.2025 00:20:00-debug: // ---- build task Init settings and config ---- (1ms)
27.06.2025 00:20:00-debug: run build task Init settings and config success in 1 ms √11%
27.06.2025 00:20:00-debug: builder.tasks.settings.macro does not defined in i18n
27.06.2025 00:20:00-debug: builder.tasks.settings.macro start11%
27.06.2025 00:20:00-debug: // ---- build task builder.tasks.settings.macro ----
27.06.2025 00:20:00-debug: Process: heapTotal 230.07MB heapUsed 201.40MB rss 545.93MB
27.06.2025 00:20:00-debug: // ---- build task builder.tasks.settings.macro ---- (4ms)
27.06.2025 00:20:00-debug: run build task builder.tasks.settings.macro success in 4 ms √11%
27.06.2025 00:20:00-debug: Sort some build options to settings.json start11%
27.06.2025 00:20:00-debug: // ---- build task Sort some build options to settings.json ----
27.06.2025 00:20:00-debug: Process: heapTotal 230.07MB heapUsed 201.43MB rss 545.93MB
27.06.2025 00:20:00-debug: // ---- build task Sort some build options to settings.json ---- (4ms)
27.06.2025 00:20:01-debug: run build task Sort some build options to settings.json success in 4 ms √12%
27.06.2025 00:20:01-debug: custom joint texture layouts start12%
27.06.2025 00:20:01-debug: // ---- build task custom joint texture layouts ----
27.06.2025 00:20:01-debug: Process: heapTotal 230.07MB heapUsed 201.50MB rss 545.96MB
27.06.2025 00:20:01-debug: // ---- build task custom joint texture layouts ---- (21ms)
27.06.2025 00:20:01-debug: run build task custom joint texture layouts success in 21 ms √12%
27.06.2025 00:20:01-debug: custom joint physics start12%
27.06.2025 00:20:01-debug: // ---- build task custom joint physics ----
27.06.2025 00:20:01-debug: Process: heapTotal 230.07MB heapUsed 201.53MB rss 545.96MB
27.06.2025 00:20:01-debug: // ---- build task custom joint physics ---- (2ms)
27.06.2025 00:20:01-debug: Fill script data to settings start13%
27.06.2025 00:20:01-debug: run build task custom joint physics success in 2 ms √13%
27.06.2025 00:20:01-debug: // ---- build task Fill script data to settings ----
27.06.2025 00:20:01-debug: Fill scene data to settings start13%
27.06.2025 00:20:01-debug: // ---- build task Fill scene data to settings ----
27.06.2025 00:20:01-debug: Process: heapTotal 230.07MB heapUsed 201.58MB rss 545.97MB
27.06.2025 00:20:01-debug: run build task Fill scene data to settings success in 0 ms √14%
27.06.2025 00:20:01-debug: Organize assets groups，generate packedAssets and rawAssets data start14%
27.06.2025 00:20:01-debug: // ---- build task Organize assets groups，generate packedAssets and rawAssets data ----
27.06.2025 00:20:01-debug: Process: heapTotal 230.07MB heapUsed 201.60MB rss 545.97MB
27.06.2025 00:20:01-debug: // ---- build task Fill script data to settings ---- (1ms)
27.06.2025 00:20:01-debug: // ---- build task Organize assets groups，generate packedAssets and rawAssets data ---- (1ms)
27.06.2025 00:20:01-debug: Process: heapTotal 230.07MB heapUsed 201.56MB rss 545.96MB
27.06.2025 00:20:01-debug: run build task Organize assets groups，generate packedAssets and rawAssets data success in 1 ms √14%
27.06.2025 00:20:01-debug: run build task Fill script data to settings success in 1 ms √13%
27.06.2025 00:20:01-debug: Generate md5AssetsMap from suffixMap to settings start14%
27.06.2025 00:20:01-debug: Process: heapTotal 230.07MB heapUsed 201.64MB rss 545.98MB
27.06.2025 00:20:01-debug: // ---- build task Generate md5AssetsMap from suffixMap to settings ----
27.06.2025 00:20:01-debug: options.md5Cache is false.
27.06.2025 00:20:01-debug: run build task Generate md5AssetsMap from suffixMap to settings success in 0 ms √15%
27.06.2025 00:20:01-debug: start refresh asset from C:\GameECSProject\assets\scene\Main.scene...
27.06.2025 00:20:01-debug: %cImport%c: C:\GameECSProject\assets\scene\Main.scenebackground: #aaff85; color: #000;color: #000;
27.06.2025 00:20:01-debug: refresh asset C:\GameECSProject\assets\scene success
27.06.2025 00:21:54-debug: refresh db internal success
27.06.2025 00:21:54-debug: asset-db:worker-effect-data-processing (194ms)
27.06.2025 00:21:54-debug: refresh db assets success
27.06.2025 00:21:54-debug: asset-db:refresh-all-database (284ms)
